2026-02-12 22:55:44.841 | INFO     | __main__:main:1063 - ============================================================
2026-02-12 22:55:44.841 | INFO     | __main__:main:1064 - Complexity-Matched SG-FIGS Experiment
2026-02-12 22:55:44.841 | INFO     | __main__:main:1065 - Synergy vs Random at Equal Splits
2026-02-12 22:55:44.842 | INFO     | __main__:main:1066 - ============================================================
2026-02-12 22:55:44.842 | INFO     | __main__:main:1069 - Phase 0: Loading data
2026-02-12 22:55:44.842 | INFO     | __main__:load_datasets_from_json:106 - Loading datasets from full_data_out.json
2026-02-12 22:55:44.930 | INFO     | __main__:load_datasets_from_json:106 - Loading datasets from full_data_out.json
2026-02-12 22:55:44.955 | INFO     | __main__:main:1079 - Loaded 14 unique datasets:
2026-02-12 22:55:44.956 | INFO     | __main__:main:1081 -   banknote                                      |  1372 samples |   4 feat | 2 classes
2026-02-12 22:55:44.956 | INFO     | __main__:main:1081 -   blood                                         |   748 samples |   4 feat | 2 classes
2026-02-12 22:55:44.956 | INFO     | __main__:main:1081 -   breast_cancer_wisconsin_diagnostic            |   569 samples |  30 feat | 2 classes
2026-02-12 22:55:44.956 | INFO     | __main__:main:1081 -   climate                                       |   540 samples |  20 feat | 2 classes
2026-02-12 22:55:44.956 | INFO     | __main__:main:1081 -   heart_statlog                                 |   270 samples |  13 feat | 2 classes
2026-02-12 22:55:44.956 | INFO     | __main__:main:1081 -   ionosphere                                    |   351 samples |  34 feat | 2 classes
2026-02-12 22:55:44.956 | INFO     | __main__:main:1081 -   iris                                          |   150 samples |   4 feat | 3 classes
2026-02-12 22:55:44.956 | INFO     | __main__:main:1081 -   kc2                                           |   522 samples |  21 feat | 2 classes
2026-02-12 22:55:44.956 | INFO     | __main__:main:1081 -   monks2                                        |   601 samples |   6 feat | 2 classes
2026-02-12 22:55:44.956 | INFO     | __main__:main:1081 -   pima_diabetes                                 |   768 samples |   8 feat | 2 classes
2026-02-12 22:55:44.957 | INFO     | __main__:main:1081 -   sonar                                         |   208 samples |  60 feat | 2 classes
2026-02-12 22:55:44.957 | INFO     | __main__:main:1081 -   spectf_heart                                  |   349 samples |  44 feat | 2 classes
2026-02-12 22:55:44.957 | INFO     | __main__:main:1081 -   vehicle                                       |   846 samples |  18 feat | 4 classes
2026-02-12 22:55:44.957 | INFO     | __main__:main:1081 -   wine                                          |   178 samples |  13 feat | 3 classes
2026-02-12 22:55:44.957 | INFO     | __main__:load_precomputed_synergy:145 - Loading pre-computed synergy matrices
2026-02-12 22:55:44.960 | INFO     | __main__:main:1088 - Pre-computed synergy for 11 datasets
2026-02-12 22:55:44.961 | INFO     | __main__:main:1096 - Computing CoI synergy for monks2...
2026-02-12 22:55:44.987 | INFO     | __main__:main:1102 -   Done in 0.0s
2026-02-12 22:55:44.988 | INFO     | __main__:main:1096 - Computing CoI synergy for blood...
2026-02-12 22:55:45.001 | INFO     | __main__:main:1102 -   Done in 0.0s
2026-02-12 22:55:45.002 | INFO     | __main__:main:1096 - Computing CoI synergy for climate...
2026-02-12 22:55:45.253 | INFO     | __main__:main:1102 -   Done in 0.3s
2026-02-12 22:55:45.254 | INFO     | __main__:main:1096 - Computing CoI synergy for kc2...
2026-02-12 22:55:45.518 | INFO     | __main__:main:1102 -   Done in 0.3s
2026-02-12 22:55:45.519 | INFO     | __main__:main:1122 -   breast_cancer_wisconsin_diagnostic: 162 synergy subsets extracted
2026-02-12 22:55:45.520 | INFO     | __main__:main:1122 -   wine: 27 synergy subsets extracted
2026-02-12 22:55:45.521 | INFO     | __main__:main:1122 -   pima_diabetes: 9 synergy subsets extracted
2026-02-12 22:55:45.522 | INFO     | __main__:main:1122 -   heart_statlog: 9 synergy subsets extracted
2026-02-12 22:55:45.524 | INFO     | __main__:main:1122 -   ionosphere: 169 synergy subsets extracted
2026-02-12 22:55:45.525 | INFO     | __main__:main:1122 -   vehicle: 51 synergy subsets extracted
2026-02-12 22:55:45.527 | INFO     | __main__:main:1122 -   sonar: 154 synergy subsets extracted
2026-02-12 22:55:45.528 | INFO     | __main__:main:1122 -   banknote: 2 synergy subsets extracted
2026-02-12 22:55:45.530 | INFO     | __main__:main:1122 -   spectf_heart: 164 synergy subsets extracted
2026-02-12 22:55:45.531 | INFO     | __main__:main:1122 -   iris: 2 synergy subsets extracted
2026-02-12 22:55:45.531 | INFO     | __main__:main:1122 -   monks2: 4 synergy subsets extracted
2026-02-12 22:55:45.532 | INFO     | __main__:main:1122 -   blood: 2 synergy subsets extracted
2026-02-12 22:55:45.532 | INFO     | __main__:main:1122 -   climate: 70 synergy subsets extracted
2026-02-12 22:55:45.533 | INFO     | __main__:main:1122 -   kc2: 21 synergy subsets extracted
2026-02-12 22:55:45.533 | INFO     | __main__:main:1125 - 
Phase 1-2: Running experiments
2026-02-12 22:55:45.533 | INFO     | __main__:main:1160 - 
==================================================
[1/14] monks2 (Tier 1) | 601s, 6f, 2c
2026-02-12 22:55:47.664 | INFO     | __main__:main:1253 -   FIGS            ms= 5 | bal_acc=0.5000 +/- 0.0000
2026-02-12 22:55:47.665 | INFO     | __main__:main:1253 -   RO_FIGS         ms= 5 | bal_acc=0.5091 +/- 0.0182
2026-02-12 22:55:47.665 | INFO     | __main__:main:1253 -   SG_FIGS_Hard    ms= 5 | bal_acc=0.5000 +/- 0.0000
2026-02-12 22:55:47.665 | INFO     | __main__:main:1253 -   SG_FIGS_Soft    ms= 5 | bal_acc=0.5116 +/- 0.0233
2026-02-12 22:55:47.665 | INFO     | __main__:main:1253 -   Random_FIGS     ms= 5 | bal_acc=0.5068 +/- 0.0136
2026-02-12 22:55:52.912 | INFO     | __main__:main:1253 -   FIGS            ms=10 | bal_acc=0.5000 +/- 0.0000
2026-02-12 22:55:52.912 | INFO     | __main__:main:1253 -   RO_FIGS         ms=10 | bal_acc=0.5091 +/- 0.0182
2026-02-12 22:55:52.912 | INFO     | __main__:main:1253 -   SG_FIGS_Hard    ms=10 | bal_acc=0.5000 +/- 0.0000
2026-02-12 22:55:52.912 | INFO     | __main__:main:1253 -   SG_FIGS_Soft    ms=10 | bal_acc=0.5116 +/- 0.0233
2026-02-12 22:55:52.912 | INFO     | __main__:main:1253 -   Random_FIGS     ms=10 | bal_acc=0.5091 +/- 0.0182
2026-02-12 22:55:52.913 | INFO     | __main__:main:1262 -   monks2: 10 examples saved
2026-02-12 22:55:52.913 | INFO     | __main__:main:1160 - 
==================================================
[2/14] banknote (Tier 1) | 1372s, 4f, 2c
2026-02-12 22:55:54.162 | INFO     | __main__:main:1253 -   FIGS            ms= 5 | bal_acc=0.9279 +/- 0.0160
2026-02-12 22:55:54.162 | INFO     | __main__:main:1253 -   RO_FIGS         ms= 5 | bal_acc=0.9750 +/- 0.0101
2026-02-12 22:55:54.162 | INFO     | __main__:main:1253 -   SG_FIGS_Hard    ms= 5 | bal_acc=0.6818 +/- 0.1079
2026-02-12 22:55:54.162 | INFO     | __main__:main:1253 -   SG_FIGS_Soft    ms= 5 | bal_acc=0.9755 +/- 0.0050
2026-02-12 22:55:54.162 | INFO     | __main__:main:1253 -   Random_FIGS     ms= 5 | bal_acc=0.9716 +/- 0.0200
2026-02-12 22:55:57.384 | INFO     | __main__:main:1253 -   FIGS            ms=10 | bal_acc=0.9040 +/- 0.0436
2026-02-12 22:55:57.384 | INFO     | __main__:main:1253 -   RO_FIGS         ms=10 | bal_acc=0.9020 +/- 0.1410
2026-02-12 22:55:57.384 | INFO     | __main__:main:1253 -   SG_FIGS_Hard    ms=10 | bal_acc=0.8287 +/- 0.0666
2026-02-12 22:55:57.384 | INFO     | __main__:main:1253 -   SG_FIGS_Soft    ms=10 | bal_acc=0.9271 +/- 0.1118
2026-02-12 22:55:57.384 | INFO     | __main__:main:1253 -   Random_FIGS     ms=10 | bal_acc=0.9784 +/- 0.0064
2026-02-12 22:55:57.384 | INFO     | __main__:main:1262 -   banknote: 10 examples saved
2026-02-12 22:55:57.384 | INFO     | __main__:main:1160 - 
==================================================
[3/14] iris (Tier 1) | 150s, 4f, 3c
2026-02-12 22:55:57.758 | INFO     | __main__:main:1253 -   FIGS            ms= 5 | bal_acc=0.9351 +/- 0.0204
2026-02-12 22:55:57.759 | INFO     | __main__:main:1253 -   RO_FIGS         ms= 5 | bal_acc=0.9105 +/- 0.0445
2026-02-12 22:55:57.759 | INFO     | __main__:main:1253 -   SG_FIGS_Hard    ms= 5 | bal_acc=0.8791 +/- 0.0406
2026-02-12 22:55:57.759 | INFO     | __main__:main:1253 -   SG_FIGS_Soft    ms= 5 | bal_acc=0.9490 +/- 0.0136
2026-02-12 22:55:57.759 | INFO     | __main__:main:1253 -   Random_FIGS     ms= 5 | bal_acc=0.9188 +/- 0.0355
2026-02-12 22:55:59.779 | INFO     | __main__:main:1253 -   FIGS            ms=10 | bal_acc=0.9560 +/- 0.0120
2026-02-12 22:55:59.779 | INFO     | __main__:main:1253 -   RO_FIGS         ms=10 | bal_acc=0.9452 +/- 0.0150
2026-02-12 22:55:59.779 | INFO     | __main__:main:1253 -   SG_FIGS_Hard    ms=10 | bal_acc=0.8929 +/- 0.0413
2026-02-12 22:55:59.780 | INFO     | __main__:main:1253 -   SG_FIGS_Soft    ms=10 | bal_acc=0.9507 +/- 0.0257
2026-02-12 22:55:59.780 | INFO     | __main__:main:1253 -   Random_FIGS     ms=10 | bal_acc=0.9543 +/- 0.0274
2026-02-12 22:55:59.780 | INFO     | __main__:main:1262 -   iris: 10 examples saved
2026-02-12 22:55:59.780 | INFO     | __main__:main:1160 - 
==================================================
[4/14] blood (Tier 1) | 748s, 4f, 2c
2026-02-12 22:56:01.024 | INFO     | __main__:main:1253 -   FIGS            ms= 5 | bal_acc=0.5000 +/- 0.0000
2026-02-12 22:56:01.024 | INFO     | __main__:main:1253 -   RO_FIGS         ms= 5 | bal_acc=0.5000 +/- 0.0000
2026-02-12 22:56:01.024 | INFO     | __main__:main:1253 -   SG_FIGS_Hard    ms= 5 | bal_acc=0.5000 +/- 0.0000
2026-02-12 22:56:01.024 | INFO     | __main__:main:1253 -   SG_FIGS_Soft    ms= 5 | bal_acc=0.5000 +/- 0.0000
2026-02-12 22:56:01.024 | INFO     | __main__:main:1253 -   Random_FIGS     ms= 5 | bal_acc=0.5000 +/- 0.0000
2026-02-12 22:56:04.829 | INFO     | __main__:main:1253 -   FIGS            ms=10 | bal_acc=0.5000 +/- 0.0000
2026-02-12 22:56:04.830 | INFO     | __main__:main:1253 -   RO_FIGS         ms=10 | bal_acc=0.5000 +/- 0.0000
2026-02-12 22:56:04.830 | INFO     | __main__:main:1253 -   SG_FIGS_Hard    ms=10 | bal_acc=0.5000 +/- 0.0000
2026-02-12 22:56:04.830 | INFO     | __main__:main:1253 -   SG_FIGS_Soft    ms=10 | bal_acc=0.5000 +/- 0.0000
2026-02-12 22:56:04.830 | INFO     | __main__:main:1253 -   Random_FIGS     ms=10 | bal_acc=0.5000 +/- 0.0000
2026-02-12 22:56:04.830 | INFO     | __main__:main:1262 -   blood: 10 examples saved
2026-02-12 22:56:04.830 | INFO     | __main__:main:1160 - 
==================================================
[5/14] pima_diabetes (Tier 2) | 768s, 8f, 2c
2026-02-12 22:56:09.451 | INFO     | __main__:main:1253 -   FIGS            ms= 5 | bal_acc=0.5000 +/- 0.0000
2026-02-12 22:56:09.452 | INFO     | __main__:main:1253 -   RO_FIGS         ms= 5 | bal_acc=0.5000 +/- 0.0000
2026-02-12 22:56:09.453 | INFO     | __main__:main:1253 -   SG_FIGS_Hard    ms= 5 | bal_acc=0.5000 +/- 0.0000
2026-02-12 22:56:09.453 | INFO     | __main__:main:1253 -   SG_FIGS_Soft    ms= 5 | bal_acc=0.5000 +/- 0.0000
2026-02-12 22:56:09.453 | INFO     | __main__:main:1253 -   Random_FIGS     ms= 5 | bal_acc=0.5000 +/- 0.0000
2026-02-12 22:56:30.282 | INFO     | __main__:main:1253 -   FIGS            ms=10 | bal_acc=0.5000 +/- 0.0000
2026-02-12 22:56:30.289 | INFO     | __main__:main:1253 -   RO_FIGS         ms=10 | bal_acc=0.5000 +/- 0.0000
2026-02-12 22:56:30.289 | INFO     | __main__:main:1253 -   SG_FIGS_Hard    ms=10 | bal_acc=0.5000 +/- 0.0000
2026-02-12 22:56:30.290 | INFO     | __main__:main:1253 -   SG_FIGS_Soft    ms=10 | bal_acc=0.5000 +/- 0.0000
2026-02-12 22:56:30.290 | INFO     | __main__:main:1253 -   Random_FIGS     ms=10 | bal_acc=0.5000 +/- 0.0000
2026-02-12 22:56:30.290 | INFO     | __main__:main:1262 -   pima_diabetes: 10 examples saved
2026-02-12 22:56:30.290 | INFO     | __main__:main:1160 - 
==================================================
[6/14] wine (Tier 2) | 178s, 13f, 3c
2026-02-12 22:56:32.251 | INFO     | __main__:main:1253 -   FIGS            ms= 5 | bal_acc=0.8181 +/- 0.0740
2026-02-12 22:56:32.251 | INFO     | __main__:main:1253 -   RO_FIGS         ms= 5 | bal_acc=0.8931 +/- 0.0451
2026-02-12 22:56:32.251 | INFO     | __main__:main:1253 -   SG_FIGS_Hard    ms= 5 | bal_acc=0.8903 +/- 0.0383
2026-02-12 22:56:32.251 | INFO     | __main__:main:1253 -   SG_FIGS_Soft    ms= 5 | bal_acc=0.8763 +/- 0.0672
2026-02-12 22:56:32.253 | INFO     | __main__:main:1253 -   Random_FIGS     ms= 5 | bal_acc=0.8959 +/- 0.0759
2026-02-12 22:56:40.341 | INFO     | __main__:main:1253 -   FIGS            ms=10 | bal_acc=0.8430 +/- 0.0908
2026-02-12 22:56:40.342 | INFO     | __main__:main:1253 -   RO_FIGS         ms=10 | bal_acc=0.8710 +/- 0.0638
2026-02-12 22:56:40.343 | INFO     | __main__:main:1253 -   SG_FIGS_Hard    ms=10 | bal_acc=0.9346 +/- 0.0520
2026-02-12 22:56:40.343 | INFO     | __main__:main:1253 -   SG_FIGS_Soft    ms=10 | bal_acc=0.8770 +/- 0.0463
2026-02-12 22:56:40.343 | INFO     | __main__:main:1253 -   Random_FIGS     ms=10 | bal_acc=0.8956 +/- 0.0655
2026-02-12 22:56:40.344 | INFO     | __main__:main:1262 -   wine: 10 examples saved
2026-02-12 22:56:40.344 | INFO     | __main__:main:1160 - 
==================================================
[7/14] heart_statlog (Tier 2) | 270s, 13f, 2c
2026-02-12 22:56:45.338 | INFO     | __main__:main:1253 -   FIGS            ms= 5 | bal_acc=0.7565 +/- 0.0532
2026-02-12 22:56:45.338 | INFO     | __main__:main:1253 -   RO_FIGS         ms= 5 | bal_acc=0.7581 +/- 0.0542
2026-02-12 22:56:45.338 | INFO     | __main__:main:1253 -   SG_FIGS_Hard    ms= 5 | bal_acc=0.7186 +/- 0.0631
2026-02-12 22:56:45.338 | INFO     | __main__:main:1253 -   SG_FIGS_Soft    ms= 5 | bal_acc=0.7542 +/- 0.0341
2026-02-12 22:56:45.338 | INFO     | __main__:main:1253 -   Random_FIGS     ms= 5 | bal_acc=0.7590 +/- 0.0483
2026-02-12 22:56:56.893 | INFO     | __main__:main:1253 -   FIGS            ms=10 | bal_acc=0.7845 +/- 0.0475
2026-02-12 22:56:56.893 | INFO     | __main__:main:1253 -   RO_FIGS         ms=10 | bal_acc=0.7968 +/- 0.0560
2026-02-12 22:56:56.894 | INFO     | __main__:main:1253 -   SG_FIGS_Hard    ms=10 | bal_acc=0.7231 +/- 0.0407
2026-02-12 22:56:56.894 | INFO     | __main__:main:1253 -   SG_FIGS_Soft    ms=10 | bal_acc=0.7416 +/- 0.0393
2026-02-12 22:56:56.894 | INFO     | __main__:main:1253 -   Random_FIGS     ms=10 | bal_acc=0.7715 +/- 0.0423
2026-02-12 22:56:56.894 | INFO     | __main__:main:1262 -   heart_statlog: 10 examples saved
2026-02-12 22:56:56.894 | INFO     | __main__:main:1160 - 
==================================================
[8/14] spectf_heart (Tier 2) | 349s, 44f, 2c
2026-02-12 22:57:02.965 | INFO     | __main__:main:1253 -   FIGS            ms= 5 | bal_acc=0.5000 +/- 0.0000
2026-02-12 22:57:02.965 | INFO     | __main__:main:1253 -   RO_FIGS         ms= 5 | bal_acc=0.5000 +/- 0.0000
2026-02-12 22:57:02.965 | INFO     | __main__:main:1253 -   SG_FIGS_Hard    ms= 5 | bal_acc=0.5000 +/- 0.0000
2026-02-12 22:57:02.965 | INFO     | __main__:main:1253 -   SG_FIGS_Soft    ms= 5 | bal_acc=0.5000 +/- 0.0000
2026-02-12 22:57:02.965 | INFO     | __main__:main:1253 -   Random_FIGS     ms= 5 | bal_acc=0.5000 +/- 0.0000
2026-02-12 22:58:32.668 | INFO     | __main__:main:1079 - ============================================================
2026-02-12 22:58:32.669 | INFO     | __main__:main:1080 - Complexity-Matched SG-FIGS Experiment
2026-02-12 22:58:32.669 | INFO     | __main__:main:1081 - Synergy vs Random at Equal Splits
2026-02-12 22:58:32.669 | INFO     | __main__:main:1082 - ============================================================
2026-02-12 22:58:32.669 | INFO     | __main__:main:1085 - Phase 0: Loading data
2026-02-12 22:58:32.669 | INFO     | __main__:load_datasets_from_json:106 - Loading datasets from full_data_out.json
2026-02-12 22:58:32.751 | INFO     | __main__:load_datasets_from_json:106 - Loading datasets from full_data_out.json
2026-02-12 22:58:32.774 | INFO     | __main__:main:1095 - Loaded 14 unique datasets:
2026-02-12 22:58:32.774 | INFO     | __main__:main:1097 -   banknote                                      |  1372 samples |   4 feat | 2 classes
2026-02-12 22:58:32.774 | INFO     | __main__:main:1097 -   blood                                         |   748 samples |   4 feat | 2 classes
2026-02-12 22:58:32.774 | INFO     | __main__:main:1097 -   breast_cancer_wisconsin_diagnostic            |   569 samples |  30 feat | 2 classes
2026-02-12 22:58:32.774 | INFO     | __main__:main:1097 -   climate                                       |   540 samples |  20 feat | 2 classes
2026-02-12 22:58:32.775 | INFO     | __main__:main:1097 -   heart_statlog                                 |   270 samples |  13 feat | 2 classes
2026-02-12 22:58:32.775 | INFO     | __main__:main:1097 -   ionosphere                                    |   351 samples |  34 feat | 2 classes
2026-02-12 22:58:32.775 | INFO     | __main__:main:1097 -   iris                                          |   150 samples |   4 feat | 3 classes
2026-02-12 22:58:32.775 | INFO     | __main__:main:1097 -   kc2                                           |   522 samples |  21 feat | 2 classes
2026-02-12 22:58:32.775 | INFO     | __main__:main:1097 -   monks2                                        |   601 samples |   6 feat | 2 classes
2026-02-12 22:58:32.775 | INFO     | __main__:main:1097 -   pima_diabetes                                 |   768 samples |   8 feat | 2 classes
2026-02-12 22:58:32.775 | INFO     | __main__:main:1097 -   sonar                                         |   208 samples |  60 feat | 2 classes
2026-02-12 22:58:32.775 | INFO     | __main__:main:1097 -   spectf_heart                                  |   349 samples |  44 feat | 2 classes
2026-02-12 22:58:32.775 | INFO     | __main__:main:1097 -   vehicle                                       |   846 samples |  18 feat | 4 classes
2026-02-12 22:58:32.775 | INFO     | __main__:main:1097 -   wine                                          |   178 samples |  13 feat | 3 classes
2026-02-12 22:58:32.775 | INFO     | __main__:load_precomputed_synergy:145 - Loading pre-computed synergy matrices
2026-02-12 22:58:32.778 | INFO     | __main__:main:1104 - Pre-computed synergy for 11 datasets
2026-02-12 22:58:32.779 | INFO     | __main__:main:1112 - Computing CoI synergy for monks2...
2026-02-12 22:58:32.800 | INFO     | __main__:main:1118 -   Done in 0.0s
2026-02-12 22:58:32.800 | INFO     | __main__:main:1112 - Computing CoI synergy for blood...
2026-02-12 22:58:32.813 | INFO     | __main__:main:1118 -   Done in 0.0s
2026-02-12 22:58:32.813 | INFO     | __main__:main:1112 - Computing CoI synergy for climate...
2026-02-12 22:58:33.040 | INFO     | __main__:main:1118 -   Done in 0.2s
2026-02-12 22:58:33.040 | INFO     | __main__:main:1112 - Computing CoI synergy for kc2...
2026-02-12 22:58:33.294 | INFO     | __main__:main:1118 -   Done in 0.3s
2026-02-12 22:58:33.295 | INFO     | __main__:main:1138 -   breast_cancer_wisconsin_diagnostic: 162 synergy subsets extracted
2026-02-12 22:58:33.296 | INFO     | __main__:main:1138 -   wine: 27 synergy subsets extracted
2026-02-12 22:58:33.296 | INFO     | __main__:main:1138 -   pima_diabetes: 9 synergy subsets extracted
2026-02-12 22:58:33.297 | INFO     | __main__:main:1138 -   heart_statlog: 9 synergy subsets extracted
2026-02-12 22:58:33.298 | INFO     | __main__:main:1138 -   ionosphere: 169 synergy subsets extracted
2026-02-12 22:58:33.299 | INFO     | __main__:main:1138 -   vehicle: 51 synergy subsets extracted
2026-02-12 22:58:33.302 | INFO     | __main__:main:1138 -   sonar: 154 synergy subsets extracted
2026-02-12 22:58:33.303 | INFO     | __main__:main:1138 -   banknote: 2 synergy subsets extracted
2026-02-12 22:58:33.305 | INFO     | __main__:main:1138 -   spectf_heart: 164 synergy subsets extracted
2026-02-12 22:58:33.306 | INFO     | __main__:main:1138 -   iris: 2 synergy subsets extracted
2026-02-12 22:58:33.306 | INFO     | __main__:main:1138 -   monks2: 4 synergy subsets extracted
2026-02-12 22:58:33.307 | INFO     | __main__:main:1138 -   blood: 2 synergy subsets extracted
2026-02-12 22:58:33.307 | INFO     | __main__:main:1138 -   climate: 70 synergy subsets extracted
2026-02-12 22:58:33.308 | INFO     | __main__:main:1138 -   kc2: 21 synergy subsets extracted
2026-02-12 22:58:33.308 | INFO     | __main__:main:1141 - 
Phase 1-2: Running experiments
2026-02-12 22:58:33.308 | INFO     | __main__:main:1176 - 
==================================================
[1/14] monks2 (Tier 1) | 601s, 6f, 2c
2026-02-12 22:58:35.247 | INFO     | __main__:main:1269 -   FIGS            ms= 5 | bal_acc=0.5432 +/- 0.0419
2026-02-12 22:58:35.247 | INFO     | __main__:main:1269 -   RO_FIGS         ms= 5 | bal_acc=0.5614 +/- 0.0295
2026-02-12 22:58:35.248 | INFO     | __main__:main:1269 -   SG_FIGS_Hard    ms= 5 | bal_acc=0.5050 +/- 0.0065
2026-02-12 22:58:35.248 | INFO     | __main__:main:1269 -   SG_FIGS_Soft    ms= 5 | bal_acc=0.5374 +/- 0.0261
2026-02-12 22:58:35.248 | INFO     | __main__:main:1269 -   Random_FIGS     ms= 5 | bal_acc=0.5294 +/- 0.0267
2026-02-12 22:58:40.313 | INFO     | __main__:main:1269 -   FIGS            ms=10 | bal_acc=0.5655 +/- 0.0301
2026-02-12 22:58:40.314 | INFO     | __main__:main:1269 -   RO_FIGS         ms=10 | bal_acc=0.6552 +/- 0.0681
2026-02-12 22:58:40.314 | INFO     | __main__:main:1269 -   SG_FIGS_Hard    ms=10 | bal_acc=0.5127 +/- 0.0313
2026-02-12 22:58:40.314 | INFO     | __main__:main:1269 -   SG_FIGS_Soft    ms=10 | bal_acc=0.5902 +/- 0.0433
2026-02-12 22:58:40.314 | INFO     | __main__:main:1269 -   Random_FIGS     ms=10 | bal_acc=0.5983 +/- 0.0290
2026-02-12 22:58:40.314 | INFO     | __main__:main:1278 -   monks2: 10 examples saved
2026-02-12 22:58:40.314 | INFO     | __main__:main:1176 - 
==================================================
[2/14] banknote (Tier 1) | 1372s, 4f, 2c
2026-02-12 22:58:41.528 | INFO     | __main__:main:1269 -   FIGS            ms= 5 | bal_acc=0.9279 +/- 0.0160
2026-02-12 22:58:41.528 | INFO     | __main__:main:1269 -   RO_FIGS         ms= 5 | bal_acc=0.9750 +/- 0.0101
2026-02-12 22:58:41.528 | INFO     | __main__:main:1269 -   SG_FIGS_Hard    ms= 5 | bal_acc=0.7289 +/- 0.1347
2026-02-12 22:58:41.528 | INFO     | __main__:main:1269 -   SG_FIGS_Soft    ms= 5 | bal_acc=0.9755 +/- 0.0050
2026-02-12 22:58:41.528 | INFO     | __main__:main:1269 -   Random_FIGS     ms= 5 | bal_acc=0.9716 +/- 0.0200
2026-02-12 22:58:44.609 | INFO     | __main__:main:1269 -   FIGS            ms=10 | bal_acc=0.9129 +/- 0.0487
2026-02-12 22:58:44.610 | INFO     | __main__:main:1269 -   RO_FIGS         ms=10 | bal_acc=0.9423 +/- 0.0412
2026-02-12 22:58:44.610 | INFO     | __main__:main:1269 -   SG_FIGS_Hard    ms=10 | bal_acc=0.8659 +/- 0.0616
2026-02-12 22:58:44.610 | INFO     | __main__:main:1269 -   SG_FIGS_Soft    ms=10 | bal_acc=0.9568 +/- 0.0214
2026-02-12 22:58:44.610 | INFO     | __main__:main:1269 -   Random_FIGS     ms=10 | bal_acc=0.9699 +/- 0.0149
2026-02-12 22:58:44.610 | INFO     | __main__:main:1278 -   banknote: 10 examples saved
2026-02-12 22:58:44.610 | INFO     | __main__:main:1176 - 
==================================================
[3/14] iris (Tier 1) | 150s, 4f, 3c
2026-02-12 22:58:44.911 | INFO     | __main__:main:1269 -   FIGS            ms= 5 | bal_acc=0.9351 +/- 0.0204
2026-02-12 22:58:44.911 | INFO     | __main__:main:1269 -   RO_FIGS         ms= 5 | bal_acc=0.9165 +/- 0.0436
2026-02-12 22:58:44.911 | INFO     | __main__:main:1269 -   SG_FIGS_Hard    ms= 5 | bal_acc=0.8740 +/- 0.0481
2026-02-12 22:58:44.911 | INFO     | __main__:main:1269 -   SG_FIGS_Soft    ms= 5 | bal_acc=0.9490 +/- 0.0136
2026-02-12 22:58:44.911 | INFO     | __main__:main:1269 -   Random_FIGS     ms= 5 | bal_acc=0.9248 +/- 0.0304
2026-02-12 22:58:46.739 | INFO     | __main__:main:1269 -   FIGS            ms=10 | bal_acc=0.9246 +/- 0.0540
2026-02-12 22:58:46.739 | INFO     | __main__:main:1269 -   RO_FIGS         ms=10 | bal_acc=0.9508 +/- 0.0180
2026-02-12 22:58:46.740 | INFO     | __main__:main:1269 -   SG_FIGS_Hard    ms=10 | bal_acc=0.9284 +/- 0.0379
2026-02-12 22:58:46.740 | INFO     | __main__:main:1269 -   SG_FIGS_Soft    ms=10 | bal_acc=0.9463 +/- 0.0252
2026-02-12 22:58:46.740 | INFO     | __main__:main:1269 -   Random_FIGS     ms=10 | bal_acc=0.9295 +/- 0.0417
2026-02-12 22:58:46.740 | INFO     | __main__:main:1278 -   iris: 10 examples saved
2026-02-12 22:58:46.740 | INFO     | __main__:main:1176 - 
==================================================
[4/14] blood (Tier 1) | 748s, 4f, 2c
2026-02-12 22:58:48.001 | INFO     | __main__:main:1269 -   FIGS            ms= 5 | bal_acc=0.5146 +/- 0.0146
2026-02-12 22:58:48.001 | INFO     | __main__:main:1269 -   RO_FIGS         ms= 5 | bal_acc=0.5087 +/- 0.0172
2026-02-12 22:58:48.001 | INFO     | __main__:main:1269 -   SG_FIGS_Hard    ms= 5 | bal_acc=0.4983 +/- 0.0034
2026-02-12 22:58:48.001 | INFO     | __main__:main:1269 -   SG_FIGS_Soft    ms= 5 | bal_acc=0.5095 +/- 0.0148
2026-02-12 22:58:48.001 | INFO     | __main__:main:1269 -   Random_FIGS     ms= 5 | bal_acc=0.5100 +/- 0.0123
2026-02-12 22:58:51.026 | INFO     | __main__:main:1269 -   FIGS            ms=10 | bal_acc=0.5176 +/- 0.0143
2026-02-12 22:58:51.027 | INFO     | __main__:main:1269 -   RO_FIGS         ms=10 | bal_acc=0.5241 +/- 0.0422
2026-02-12 22:58:51.027 | INFO     | __main__:main:1269 -   SG_FIGS_Hard    ms=10 | bal_acc=0.5028 +/- 0.0104
2026-02-12 22:58:51.027 | INFO     | __main__:main:1269 -   SG_FIGS_Soft    ms=10 | bal_acc=0.5194 +/- 0.0212
2026-02-12 22:58:51.027 | INFO     | __main__:main:1269 -   Random_FIGS     ms=10 | bal_acc=0.5129 +/- 0.0118
2026-02-12 22:58:51.027 | INFO     | __main__:main:1278 -   blood: 10 examples saved
2026-02-12 22:58:51.027 | INFO     | __main__:main:1176 - 
==================================================
[5/14] pima_diabetes (Tier 2) | 768s, 8f, 2c
2026-02-12 22:58:54.960 | INFO     | __main__:main:1269 -   FIGS            ms= 5 | bal_acc=0.5802 +/- 0.0852
2026-02-12 22:58:54.960 | INFO     | __main__:main:1269 -   RO_FIGS         ms= 5 | bal_acc=0.5412 +/- 0.0601
2026-02-12 22:58:54.960 | INFO     | __main__:main:1269 -   SG_FIGS_Hard    ms= 5 | bal_acc=0.6481 +/- 0.0648
2026-02-12 22:58:54.961 | INFO     | __main__:main:1269 -   SG_FIGS_Soft    ms= 5 | bal_acc=0.6077 +/- 0.0724
2026-02-12 22:58:54.961 | INFO     | __main__:main:1269 -   Random_FIGS     ms= 5 | bal_acc=0.5546 +/- 0.0512
2026-02-12 22:59:05.121 | INFO     | __main__:main:1269 -   FIGS            ms=10 | bal_acc=0.6120 +/- 0.0811
2026-02-12 22:59:05.121 | INFO     | __main__:main:1269 -   RO_FIGS         ms=10 | bal_acc=0.5157 +/- 0.0189
2026-02-12 22:59:05.122 | INFO     | __main__:main:1269 -   SG_FIGS_Hard    ms=10 | bal_acc=0.6558 +/- 0.0731
2026-02-12 22:59:05.122 | INFO     | __main__:main:1269 -   SG_FIGS_Soft    ms=10 | bal_acc=0.6029 +/- 0.0638
2026-02-12 22:59:05.122 | INFO     | __main__:main:1269 -   Random_FIGS     ms=10 | bal_acc=0.5326 +/- 0.0221
2026-02-12 22:59:05.122 | INFO     | __main__:main:1278 -   pima_diabetes: 10 examples saved
2026-02-12 22:59:05.122 | INFO     | __main__:main:1176 - 
==================================================
[6/14] wine (Tier 2) | 178s, 13f, 3c
2026-02-12 22:59:06.288 | INFO     | __main__:main:1269 -   FIGS            ms= 5 | bal_acc=0.8288 +/- 0.0650
2026-02-12 22:59:06.288 | INFO     | __main__:main:1269 -   RO_FIGS         ms= 5 | bal_acc=0.9158 +/- 0.0462
2026-02-12 22:59:06.288 | INFO     | __main__:main:1269 -   SG_FIGS_Hard    ms= 5 | bal_acc=0.9149 +/- 0.0126
2026-02-12 22:59:06.288 | INFO     | __main__:main:1269 -   SG_FIGS_Soft    ms= 5 | bal_acc=0.8629 +/- 0.0563
2026-02-12 22:59:06.288 | INFO     | __main__:main:1269 -   Random_FIGS     ms= 5 | bal_acc=0.9144 +/- 0.0343
2026-02-12 22:59:14.599 | INFO     | __main__:main:1269 -   FIGS            ms=10 | bal_acc=0.7976 +/- 0.0728
2026-02-12 22:59:14.599 | INFO     | __main__:main:1269 -   RO_FIGS         ms=10 | bal_acc=0.8602 +/- 0.0503
2026-02-12 22:59:14.600 | INFO     | __main__:main:1269 -   SG_FIGS_Hard    ms=10 | bal_acc=0.8980 +/- 0.0309
2026-02-12 22:59:14.600 | INFO     | __main__:main:1269 -   SG_FIGS_Soft    ms=10 | bal_acc=0.8385 +/- 0.0386
2026-02-12 22:59:14.600 | INFO     | __main__:main:1269 -   Random_FIGS     ms=10 | bal_acc=0.8181 +/- 0.0958
2026-02-12 22:59:14.600 | INFO     | __main__:main:1278 -   wine: 10 examples saved
2026-02-12 22:59:14.601 | INFO     | __main__:main:1176 - 
==================================================
[7/14] heart_statlog (Tier 2) | 270s, 13f, 2c
2026-02-12 22:59:20.088 | INFO     | __main__:main:1269 -   FIGS            ms= 5 | bal_acc=0.7462 +/- 0.0533
2026-02-12 22:59:20.088 | INFO     | __main__:main:1269 -   RO_FIGS         ms= 5 | bal_acc=0.7625 +/- 0.0671
2026-02-12 22:59:20.088 | INFO     | __main__:main:1269 -   SG_FIGS_Hard    ms= 5 | bal_acc=0.7043 +/- 0.0474
2026-02-12 22:59:20.088 | INFO     | __main__:main:1269 -   SG_FIGS_Soft    ms= 5 | bal_acc=0.7501 +/- 0.0399
2026-02-12 22:59:20.088 | INFO     | __main__:main:1269 -   Random_FIGS     ms= 5 | bal_acc=0.7660 +/- 0.0644
2026-02-12 22:59:31.284 | INFO     | __main__:main:1269 -   FIGS            ms=10 | bal_acc=0.7557 +/- 0.0463
2026-02-12 22:59:31.285 | INFO     | __main__:main:1269 -   RO_FIGS         ms=10 | bal_acc=0.7775 +/- 0.0483
2026-02-12 22:59:31.285 | INFO     | __main__:main:1269 -   SG_FIGS_Hard    ms=10 | bal_acc=0.6826 +/- 0.0560
2026-02-12 22:59:31.285 | INFO     | __main__:main:1269 -   SG_FIGS_Soft    ms=10 | bal_acc=0.7110 +/- 0.0359
2026-02-12 22:59:31.285 | INFO     | __main__:main:1269 -   Random_FIGS     ms=10 | bal_acc=0.7720 +/- 0.0574
2026-02-12 22:59:31.285 | INFO     | __main__:main:1278 -   heart_statlog: 10 examples saved
2026-02-12 22:59:31.285 | INFO     | __main__:main:1176 - 
==================================================
[8/14] spectf_heart (Tier 2) | 349s, 44f, 2c
2026-02-12 22:59:37.738 | INFO     | __main__:main:1269 -   FIGS            ms= 5 | bal_acc=0.5239 +/- 0.0236
2026-02-12 22:59:37.739 | INFO     | __main__:main:1269 -   RO_FIGS         ms= 5 | bal_acc=0.6224 +/- 0.1047
2026-02-12 22:59:37.739 | INFO     | __main__:main:1269 -   SG_FIGS_Hard    ms= 5 | bal_acc=0.5471 +/- 0.0465
2026-02-12 22:59:37.739 | INFO     | __main__:main:1269 -   SG_FIGS_Soft    ms= 5 | bal_acc=0.5396 +/- 0.0840
2026-02-12 22:59:37.739 | INFO     | __main__:main:1269 -   Random_FIGS     ms= 5 | bal_acc=0.5309 +/- 0.0469
2026-02-12 22:59:55.394 | INFO     | __main__:main:1269 -   FIGS            ms=10 | bal_acc=0.6440 +/- 0.0680
2026-02-12 22:59:55.394 | INFO     | __main__:main:1269 -   RO_FIGS         ms=10 | bal_acc=0.6689 +/- 0.1362
2026-02-12 22:59:55.395 | INFO     | __main__:main:1269 -   SG_FIGS_Hard    ms=10 | bal_acc=0.6723 +/- 0.0914
2026-02-12 22:59:55.395 | INFO     | __main__:main:1269 -   SG_FIGS_Soft    ms=10 | bal_acc=0.6595 +/- 0.0336
2026-02-12 22:59:55.395 | INFO     | __main__:main:1269 -   Random_FIGS     ms=10 | bal_acc=0.6120 +/- 0.1062
2026-02-12 22:59:55.395 | INFO     | __main__:main:1278 -   spectf_heart: 10 examples saved
2026-02-12 22:59:55.395 | INFO     | __main__:main:1176 - 
==================================================
[9/14] vehicle (Tier 3) | 846s, 18f, 4c
2026-02-12 22:59:57.371 | INFO     | __main__:main:1269 -   FIGS            ms= 5 | bal_acc=0.5394 +/- 0.0322
2026-02-12 22:59:57.372 | INFO     | __main__:main:1269 -   RO_FIGS         ms= 5 | bal_acc=0.5918 +/- 0.0456
2026-02-12 22:59:57.372 | INFO     | __main__:main:1269 -   SG_FIGS_Hard    ms= 5 | bal_acc=0.5655 +/- 0.0247
2026-02-12 22:59:57.372 | INFO     | __main__:main:1269 -   SG_FIGS_Soft    ms= 5 | bal_acc=0.5757 +/- 0.0171
2026-02-12 22:59:57.372 | INFO     | __main__:main:1269 -   Random_FIGS     ms= 5 | bal_acc=0.6019 +/- 0.0553
2026-02-12 23:00:03.199 | INFO     | __main__:main:1269 -   FIGS            ms=10 | bal_acc=0.5564 +/- 0.0475
2026-02-12 23:00:03.203 | INFO     | __main__:main:1269 -   RO_FIGS         ms=10 | bal_acc=0.5764 +/- 0.0879
2026-02-12 23:00:03.203 | INFO     | __main__:main:1269 -   SG_FIGS_Hard    ms=10 | bal_acc=0.5636 +/- 0.0484
2026-02-12 23:00:03.204 | INFO     | __main__:main:1269 -   SG_FIGS_Soft    ms=10 | bal_acc=0.5703 +/- 0.0461
2026-02-12 23:00:03.204 | INFO     | __main__:main:1269 -   Random_FIGS     ms=10 | bal_acc=0.5470 +/- 0.0841
2026-02-12 23:00:03.204 | INFO     | __main__:main:1278 -   vehicle: 10 examples saved
2026-02-12 23:00:03.204 | INFO     | __main__:main:1176 - 
==================================================
[10/14] climate (Tier 3) | 540s, 20f, 2c
2026-02-12 23:00:08.943 | INFO     | __main__:main:1269 -   FIGS            ms= 5 | bal_acc=0.5172 +/- 0.0225
2026-02-12 23:00:08.943 | INFO     | __main__:main:1269 -   RO_FIGS         ms= 5 | bal_acc=0.4970 +/- 0.0041
2026-02-12 23:00:08.943 | INFO     | __main__:main:1269 -   SG_FIGS_Hard    ms= 5 | bal_acc=0.4990 +/- 0.0020
2026-02-12 23:00:08.943 | INFO     | __main__:main:1269 -   SG_FIGS_Soft    ms= 5 | bal_acc=0.4959 +/- 0.0050
2026-02-12 23:00:08.943 | INFO     | __main__:main:1269 -   Random_FIGS     ms= 5 | bal_acc=0.4980 +/- 0.0040
2026-02-12 23:00:20.877 | INFO     | __main__:main:1269 -   FIGS            ms=10 | bal_acc=0.5233 +/- 0.0465
2026-02-12 23:00:20.877 | INFO     | __main__:main:1269 -   RO_FIGS         ms=10 | bal_acc=0.4930 +/- 0.0051
2026-02-12 23:00:20.878 | INFO     | __main__:main:1269 -   SG_FIGS_Hard    ms=10 | bal_acc=0.4918 +/- 0.0100
2026-02-12 23:00:20.878 | INFO     | __main__:main:1269 -   SG_FIGS_Soft    ms=10 | bal_acc=0.4828 +/- 0.0173
2026-02-12 23:00:20.878 | INFO     | __main__:main:1269 -   Random_FIGS     ms=10 | bal_acc=0.5319 +/- 0.0448
2026-02-12 23:00:20.878 | INFO     | __main__:main:1278 -   climate: 10 examples saved
2026-02-12 23:00:20.878 | INFO     | __main__:main:1176 - 
==================================================
[11/14] kc2 (Tier 3) | 522s, 21f, 2c
2026-02-12 23:00:24.577 | INFO     | __main__:main:1269 -   FIGS            ms= 5 | bal_acc=0.5058 +/- 0.0221
2026-02-12 23:00:24.577 | INFO     | __main__:main:1269 -   RO_FIGS         ms= 5 | bal_acc=0.5112 +/- 0.0185
2026-02-12 23:00:24.578 | INFO     | __main__:main:1269 -   SG_FIGS_Hard    ms= 5 | bal_acc=0.5000 +/- 0.0000
2026-02-12 23:00:24.578 | INFO     | __main__:main:1269 -   SG_FIGS_Soft    ms= 5 | bal_acc=0.5012 +/- 0.0058
2026-02-12 23:00:24.578 | INFO     | __main__:main:1269 -   Random_FIGS     ms= 5 | bal_acc=0.5210 +/- 0.0219
2026-02-12 23:00:35.008 | INFO     | __main__:main:1269 -   FIGS            ms=10 | bal_acc=0.5180 +/- 0.0162
2026-02-12 23:00:35.009 | INFO     | __main__:main:1269 -   RO_FIGS         ms=10 | bal_acc=0.5134 +/- 0.0196
2026-02-12 23:00:35.010 | INFO     | __main__:main:1269 -   SG_FIGS_Hard    ms=10 | bal_acc=0.5024 +/- 0.0080
2026-02-12 23:00:35.010 | INFO     | __main__:main:1269 -   SG_FIGS_Soft    ms=10 | bal_acc=0.5033 +/- 0.0261
2026-02-12 23:00:35.010 | INFO     | __main__:main:1269 -   Random_FIGS     ms=10 | bal_acc=0.5287 +/- 0.0159
2026-02-12 23:00:35.010 | INFO     | __main__:main:1278 -   kc2: 10 examples saved
2026-02-12 23:00:35.010 | INFO     | __main__:main:1176 - 
==================================================
[12/14] ionosphere (Tier 3) | 351s, 34f, 2c
2026-02-12 23:00:40.553 | INFO     | __main__:main:1269 -   FIGS            ms= 5 | bal_acc=0.8658 +/- 0.0180
2026-02-12 23:00:40.553 | INFO     | __main__:main:1269 -   RO_FIGS         ms= 5 | bal_acc=0.8741 +/- 0.0340
2026-02-12 23:00:40.553 | INFO     | __main__:main:1269 -   SG_FIGS_Hard    ms= 5 | bal_acc=0.8054 +/- 0.0562
2026-02-12 23:00:40.553 | INFO     | __main__:main:1269 -   SG_FIGS_Soft    ms= 5 | bal_acc=0.8718 +/- 0.0192
2026-02-12 23:00:40.553 | INFO     | __main__:main:1269 -   Random_FIGS     ms= 5 | bal_acc=0.8779 +/- 0.0533
2026-02-12 23:00:51.766 | INFO     | __main__:main:1269 -   FIGS            ms=10 | bal_acc=0.8412 +/- 0.0489
2026-02-12 23:00:51.766 | INFO     | __main__:main:1269 -   RO_FIGS         ms=10 | bal_acc=0.8626 +/- 0.0440
2026-02-12 23:00:51.766 | INFO     | __main__:main:1269 -   SG_FIGS_Hard    ms=10 | bal_acc=0.8044 +/- 0.0188
2026-02-12 23:00:51.766 | INFO     | __main__:main:1269 -   SG_FIGS_Soft    ms=10 | bal_acc=0.8179 +/- 0.0296
2026-02-12 23:00:51.767 | INFO     | __main__:main:1269 -   Random_FIGS     ms=10 | bal_acc=0.8407 +/- 0.0481
2026-02-12 23:00:51.767 | INFO     | __main__:main:1278 -   ionosphere: 10 examples saved
2026-02-12 23:00:51.767 | INFO     | __main__:main:1176 - 
==================================================
[13/14] sonar (Tier 3) | 208s, 60f, 2c
2026-02-12 23:00:57.588 | INFO     | __main__:main:1269 -   FIGS            ms= 5 | bal_acc=0.6882 +/- 0.0782
2026-02-12 23:00:57.588 | INFO     | __main__:main:1269 -   RO_FIGS         ms= 5 | bal_acc=0.6950 +/- 0.0435
2026-02-12 23:00:57.588 | INFO     | __main__:main:1269 -   SG_FIGS_Hard    ms= 5 | bal_acc=0.7546 +/- 0.0418
2026-02-12 23:00:57.589 | INFO     | __main__:main:1269 -   SG_FIGS_Soft    ms= 5 | bal_acc=0.7343 +/- 0.0552
2026-02-12 23:00:57.589 | INFO     | __main__:main:1269 -   Random_FIGS     ms= 5 | bal_acc=0.7490 +/- 0.0224
2026-02-12 23:01:12.670 | INFO     | __main__:main:1269 -   FIGS            ms=10 | bal_acc=0.6880 +/- 0.0845
2026-02-12 23:01:12.670 | INFO     | __main__:main:1269 -   RO_FIGS         ms=10 | bal_acc=0.7104 +/- 0.0326
2026-02-12 23:01:12.670 | INFO     | __main__:main:1269 -   SG_FIGS_Hard    ms=10 | bal_acc=0.7325 +/- 0.0574
2026-02-12 23:01:12.670 | INFO     | __main__:main:1269 -   SG_FIGS_Soft    ms=10 | bal_acc=0.7714 +/- 0.0927
2026-02-12 23:01:12.670 | INFO     | __main__:main:1269 -   Random_FIGS     ms=10 | bal_acc=0.7398 +/- 0.0283
2026-02-12 23:01:12.670 | INFO     | __main__:main:1278 -   sonar: 10 examples saved
2026-02-12 23:01:12.671 | INFO     | __main__:main:1176 - 
==================================================
[14/14] breast_cancer_wisconsin_diagnostic (Tier 3) | 569s, 30f, 2c
2026-02-12 23:01:17.753 | INFO     | __main__:main:1269 -   FIGS            ms= 5 | bal_acc=0.9192 +/- 0.0222
2026-02-12 23:01:17.753 | INFO     | __main__:main:1269 -   RO_FIGS         ms= 5 | bal_acc=0.9331 +/- 0.0068
2026-02-12 23:01:17.753 | INFO     | __main__:main:1269 -   SG_FIGS_Hard    ms= 5 | bal_acc=0.9329 +/- 0.0346
2026-02-12 23:01:17.753 | INFO     | __main__:main:1269 -   SG_FIGS_Soft    ms= 5 | bal_acc=0.9312 +/- 0.0142
2026-02-12 23:01:17.753 | INFO     | __main__:main:1269 -   Random_FIGS     ms= 5 | bal_acc=0.9413 +/- 0.0292
2026-02-12 23:01:28.655 | INFO     | __main__:main:1269 -   FIGS            ms=10 | bal_acc=0.9064 +/- 0.0218
2026-02-12 23:01:28.655 | INFO     | __main__:main:1269 -   RO_FIGS         ms=10 | bal_acc=0.9182 +/- 0.0204
2026-02-12 23:01:28.655 | INFO     | __main__:main:1269 -   SG_FIGS_Hard    ms=10 | bal_acc=0.7468 +/- 0.2177
2026-02-12 23:01:28.656 | INFO     | __main__:main:1269 -   SG_FIGS_Soft    ms=10 | bal_acc=0.9093 +/- 0.0277
2026-02-12 23:01:28.656 | INFO     | __main__:main:1269 -   Random_FIGS     ms=10 | bal_acc=0.9089 +/- 0.0233
2026-02-12 23:01:28.656 | INFO     | __main__:main:1278 -   breast_cancer_wisconsin_diagnostic: 10 examples saved
2026-02-12 23:01:28.656 | INFO     | __main__:main:1281 - 
============================================================
2026-02-12 23:01:28.656 | INFO     | __main__:main:1282 - Phase 3: Analysis
2026-02-12 23:01:28.656 | INFO     | __main__:main:1283 - ============================================================
2026-02-12 23:01:28.656 | INFO     | __main__:main:1296 -   SG_FIGS_Soft vs FIGS: W=16, T=4, L=8
2026-02-12 23:01:28.657 | INFO     | __main__:main:1296 -   SG_FIGS_Soft vs RO_FIGS: W=6, T=7, L=15
2026-02-12 23:01:28.657 | INFO     | __main__:main:1296 -   SG_FIGS_Soft vs Random_FIGS: W=11, T=4, L=13
2026-02-12 23:01:28.658 | INFO     | __main__:main:1296 -   SG_FIGS_Hard vs FIGS: W=11, T=1, L=16
2026-02-12 23:01:28.659 | INFO     | __main__:main:1296 -   SG_FIGS_Hard vs RO_FIGS: W=5, T=5, L=18
2026-02-12 23:01:28.659 | INFO     | __main__:main:1296 -   SG_FIGS_Hard vs Random_FIGS: W=7, T=3, L=18
2026-02-12 23:01:28.661 | INFO     | __main__:main:1332 -   Mean per-split gain FIGS: 0.001822
2026-02-12 23:01:28.661 | INFO     | __main__:main:1332 -   Mean per-split gain RO_FIGS: 0.000901
2026-02-12 23:01:28.661 | INFO     | __main__:main:1332 -   Mean per-split gain SG_FIGS_Hard: 0.001172
2026-02-12 23:01:28.661 | INFO     | __main__:main:1332 -   Mean per-split gain SG_FIGS_Soft: 0.000535
2026-02-12 23:01:28.661 | INFO     | __main__:main:1332 -   Mean per-split gain Random_FIGS: -0.000694
2026-02-12 23:01:28.662 | INFO     | __main__:main:1354 - 
Complexity verification:
2026-02-12 23:01:28.662 | INFO     | __main__:main:1357 -   FIGS            ms5: mean=4.6, max=5, violations=0/70
2026-02-12 23:01:28.662 | INFO     | __main__:main:1357 -   FIGS            ms10: mean=9.7, max=10, violations=0/70
2026-02-12 23:01:28.662 | INFO     | __main__:main:1357 -   RO_FIGS         ms5: mean=4.6, max=5, violations=0/70
2026-02-12 23:01:28.663 | INFO     | __main__:main:1357 -   RO_FIGS         ms10: mean=9.7, max=10, violations=0/70
2026-02-12 23:01:28.663 | INFO     | __main__:main:1357 -   SG_FIGS_Hard    ms5: mean=4.6, max=5, violations=0/70
2026-02-12 23:01:28.663 | INFO     | __main__:main:1357 -   SG_FIGS_Hard    ms10: mean=9.7, max=10, violations=0/70
2026-02-12 23:01:28.663 | INFO     | __main__:main:1357 -   SG_FIGS_Soft    ms5: mean=4.6, max=5, violations=0/70
2026-02-12 23:01:28.663 | INFO     | __main__:main:1357 -   SG_FIGS_Soft    ms10: mean=9.7, max=10, violations=0/70
2026-02-12 23:01:28.663 | INFO     | __main__:main:1357 -   Random_FIGS     ms5: mean=4.6, max=5, violations=0/70
2026-02-12 23:01:28.663 | INFO     | __main__:main:1357 -   Random_FIGS     ms10: mean=9.7, max=10, violations=0/70
2026-02-12 23:01:29.009 | INFO     | __main__:main:1378 -   Domain validation pima_diabetes: 10 splits
2026-02-12 23:01:29.009 | INFO     | __main__:main:1380 -     Split: ['preg', 'plas'] w=[0.35489148212291066, 0.9349075012623461]
2026-02-12 23:01:29.009 | INFO     | __main__:main:1380 -     Split: ['plas', 'mass'] w=[0.775702339999315, 0.6310989460612234]
2026-02-12 23:01:29.009 | INFO     | __main__:main:1380 -     Split: ['plas', 'mass'] w=[0.05210002434384468, 0.9986418714751403]
2026-02-12 23:01:29.637 | INFO     | __main__:main:1378 -   Domain validation heart_statlog: 10 splits
2026-02-12 23:01:29.638 | INFO     | __main__:main:1380 -     Split: ['slope', 'thal'] w=[0.40310472440034284, 0.9151538565542539]
2026-02-12 23:01:29.638 | INFO     | __main__:main:1380 -     Split: ['oldpeak', 'number_of_major_vessels'] w=[0.6297741507383163, 0.7767782946644637]
2026-02-12 23:01:29.638 | INFO     | __main__:main:1380 -     Split: ['age', 'chest'] w=[-0.5565719929199695, 0.8307993841458317]
2026-02-12 23:01:29.828 | INFO     | __main__:main:1378 -   Domain validation monks2: 10 splits
2026-02-12 23:01:29.828 | INFO     | __main__:main:1380 -     Split: ['attr4', 'attr6'] w=[0.8836363923015986, 0.46817382049855705]
2026-02-12 23:01:29.828 | INFO     | __main__:main:1380 -     Split: ['attr3', 'attr4'] w=[1.0, 0.0]
2026-02-12 23:01:29.828 | INFO     | __main__:main:1380 -     Split: ['attr1', 'attr4'] w=[1.0, 4.944255638035427e-30]
2026-02-12 23:01:29.828 | INFO     | __main__:main:1401 - 
Overall mean balanced accuracy:
2026-02-12 23:01:29.829 | INFO     | __main__:main:1404 -   max_splits=5:
2026-02-12 23:01:29.829 | INFO     | __main__:main:1407 -     FIGS           : 0.6882
2026-02-12 23:01:29.829 | INFO     | __main__:main:1407 -     RO_FIGS        : 0.7075
2026-02-12 23:01:29.829 | INFO     | __main__:main:1407 -     SG_FIGS_Hard   : 0.6770
2026-02-12 23:01:29.829 | INFO     | __main__:main:1407 -     SG_FIGS_Soft   : 0.7030
2026-02-12 23:01:29.829 | INFO     | __main__:main:1407 -     Random_FIGS    : 0.7065
2026-02-12 23:01:29.829 | INFO     | __main__:main:1404 -   max_splits=10:
2026-02-12 23:01:29.829 | INFO     | __main__:main:1407 -     FIGS           : 0.6974
2026-02-12 23:01:29.829 | INFO     | __main__:main:1407 -     RO_FIGS        : 0.7121
2026-02-12 23:01:29.829 | INFO     | __main__:main:1407 -     SG_FIGS_Hard   : 0.6829
2026-02-12 23:01:29.829 | INFO     | __main__:main:1407 -     SG_FIGS_Soft   : 0.7057
2026-02-12 23:01:29.829 | INFO     | __main__:main:1407 -     Random_FIGS    : 0.7030
2026-02-12 23:01:29.829 | INFO     | __main__:main:1410 - 
Phase 4: Saving outputs
2026-02-12 23:01:29.832 | INFO     | __main__:main:1417 -   method_out.json: 140 examples, 186.3 KB
2026-02-12 23:01:29.843 | INFO     | __main__:main:1482 -   results_comprehensive.json: 68.3 KB
2026-02-12 23:01:29.843 | INFO     | __main__:main:1486 - 
============================================================
2026-02-12 23:01:29.843 | INFO     | __main__:main:1487 - EXPERIMENT COMPLETE
2026-02-12 23:01:29.843 | INFO     | __main__:main:1488 -   Total time: 177.2s (3.0 min)
2026-02-12 23:01:29.844 | INFO     | __main__:main:1489 -   Datasets: 14
2026-02-12 23:01:29.844 | INFO     | __main__:main:1490 -   Total examples: 140
2026-02-12 23:01:29.844 | INFO     | __main__:main:1494 - 
  SG_FIGS_Soft Win/Tie/Loss:
2026-02-12 23:01:29.844 | INFO     | __main__:main:1496 -     vs FIGS           : W=16, T=4, L=8
2026-02-12 23:01:29.844 | INFO     | __main__:main:1496 -     vs RO_FIGS        : W=6, T=7, L=15
2026-02-12 23:01:29.844 | INFO     | __main__:main:1496 -     vs Random_FIGS    : W=11, T=4, L=13
2026-02-12 23:01:29.844 | INFO     | __main__:main:1494 - 
  SG_FIGS_Hard Win/Tie/Loss:
2026-02-12 23:01:29.844 | INFO     | __main__:main:1496 -     vs FIGS           : W=11, T=1, L=16
2026-02-12 23:01:29.844 | INFO     | __main__:main:1496 -     vs RO_FIGS        : W=5, T=5, L=18
2026-02-12 23:01:29.844 | INFO     | __main__:main:1496 -     vs Random_FIGS    : W=7, T=3, L=18
2026-02-12 23:01:29.844 | INFO     | __main__:main:1501 - ============================================================
